<?xml version="1.0" encoding="UTF-8"?>
<testsuite name="TicTacToeTest" tests="1" skipped="0" failures="1" errors="0" timestamp="2020-04-26T17:34:10" hostname="CARBONX1" time="1.981">
  <properties/>
  <testcase name="start" classname="TicTacToeTest" time="1.981">
    <failure message="java.lang.AssertionError: Wrong answer in test #6&#10;&#10;Your last field contains unfinished game, the game should be finished!&#10;&#10;Please find below the output of your program during this failed test.&#10;Note that the '&gt;' character indicates the beginning of the input line.&#10;&#10;---&#10;&#10;---------&#10;|       |&#10;|       |&#10;|       |&#10;---------&#10;Player X, enter coordinates: &gt; 4 5&#10;Coordinates should be from 1 to 3!&#10;&gt; 3 1&#10;---------&#10;|       |&#10;|       |&#10;|     X |&#10;---------&#10;Player O, enter coordinates: &gt; 1 2&#10;---------&#10;|       |&#10;| O     |&#10;|     X |&#10;---------&#10;Player X, enter coordinates: &gt; 4 3&#10;Coordinates should be from 1 to 3!&#10;&gt; 4 3&#10;Coordinates should be from 1 to 3!&#10;&gt; 1 2&#10;This cell is occupied! Choose another one!&#10;&gt; 4 1&#10;Coordinates should be from 1 to 3!&#10;&gt; 2 1&#10;---------&#10;|       |&#10;| O     |&#10;|   X X |&#10;---------&#10;Player O, enter coordinates: &gt; 4 3&#10;Coordinates should be from 1 to 3!&#10;&gt; 1 4&#10;Coordinates should be from 1 to 3!&#10;&gt; 4 2&#10;Coordinates should be from 1 to 3!&#10;&gt; 2 3&#10;---------&#10;|   O   |&#10;| O     |&#10;|   X X |&#10;---------&#10;Player X, enter coordinates: &gt; 3 1&#10;This cell is occupied! Choose another one!&#10;&gt; 3 2&#10;---------&#10;|   O   |&#10;| O   X |&#10;|   X X |&#10;---------&#10;O wins" type="java.lang.AssertionError">java.lang.AssertionError: Wrong answer in test #6

Your last field contains unfinished game, the game should be finished!

Please find below the output of your program during this failed test.
Note that the '&gt;' character indicates the beginning of the input line.

---

---------
|       |
|       |
|       |
---------
Player X, enter coordinates: &gt; 4 5
Coordinates should be from 1 to 3!
&gt; 3 1
---------
|       |
|       |
|     X |
---------
Player O, enter coordinates: &gt; 1 2
---------
|       |
| O     |
|     X |
---------
Player X, enter coordinates: &gt; 4 3
Coordinates should be from 1 to 3!
&gt; 4 3
Coordinates should be from 1 to 3!
&gt; 1 2
This cell is occupied! Choose another one!
&gt; 4 1
Coordinates should be from 1 to 3!
&gt; 2 1
---------
|       |
| O     |
|   X X |
---------
Player O, enter coordinates: &gt; 4 3
Coordinates should be from 1 to 3!
&gt; 1 4
Coordinates should be from 1 to 3!
&gt; 4 2
Coordinates should be from 1 to 3!
&gt; 2 3
---------
|   O   |
| O     |
|   X X |
---------
Player X, enter coordinates: &gt; 3 1
This cell is occupied! Choose another one!
&gt; 3 2
---------
|   O   |
| O   X |
|   X X |
---------
O wins
	at org.junit.Assert.fail(Assert.java:88)
	at org.hyperskill.hstest.stage.StageTest.start(StageTest.java:97)
	at java.base/jdk.internal.reflect.NativeMethodAccessorImpl.invoke0(Native Method)
	at java.base/jdk.internal.reflect.NativeMethodAccessorImpl.invoke(NativeMethodAccessorImpl.java:62)
	at java.base/jdk.internal.reflect.DelegatingMethodAccessorImpl.invoke(DelegatingMethodAccessorImpl.java:43)
	at java.base/java.lang.reflect.Method.invoke(Method.java:566)
	at org.junit.runners.model.FrameworkMethod$1.runReflectiveCall(FrameworkMethod.java:50)
	at org.junit.internal.runners.model.ReflectiveCallable.run(ReflectiveCallable.java:12)
	at org.junit.runners.model.FrameworkMethod.invokeExplosively(FrameworkMethod.java:47)
	at org.junit.internal.runners.statements.InvokeMethod.evaluate(InvokeMethod.java:17)
	at org.junit.runners.ParentRunner.runLeaf(ParentRunner.java:325)
	at org.junit.runners.BlockJUnit4ClassRunner.runChild(BlockJUnit4ClassRunner.java:78)
	at org.junit.runners.BlockJUnit4ClassRunner.runChild(BlockJUnit4ClassRunner.java:57)
	at org.junit.runners.ParentRunner$3.run(ParentRunner.java:290)
	at org.junit.runners.ParentRunner$1.schedule(ParentRunner.java:71)
	at org.junit.runners.ParentRunner.runChildren(ParentRunner.java:288)
	at org.junit.runners.ParentRunner.access$000(ParentRunner.java:58)
	at org.junit.runners.ParentRunner$2.evaluate(ParentRunner.java:268)
	at org.junit.runners.ParentRunner.run(ParentRunner.java:363)
	at org.gradle.api.internal.tasks.testing.junit.JUnitTestClassExecutor.runTestClass(JUnitTestClassExecutor.java:110)
	at org.gradle.api.internal.tasks.testing.junit.JUnitTestClassExecutor.execute(JUnitTestClassExecutor.java:58)
	at org.gradle.api.internal.tasks.testing.junit.JUnitTestClassExecutor.execute(JUnitTestClassExecutor.java:38)
	at org.gradle.api.internal.tasks.testing.junit.AbstractJUnitTestClassProcessor.processTestClass(AbstractJUnitTestClassProcessor.java:62)
	at org.gradle.api.internal.tasks.testing.SuiteTestClassProcessor.processTestClass(SuiteTestClassProcessor.java:51)
	at java.base/jdk.internal.reflect.NativeMethodAccessorImpl.invoke0(Native Method)
	at java.base/jdk.internal.reflect.NativeMethodAccessorImpl.invoke(NativeMethodAccessorImpl.java:62)
	at java.base/jdk.internal.reflect.DelegatingMethodAccessorImpl.invoke(DelegatingMethodAccessorImpl.java:43)
	at java.base/java.lang.reflect.Method.invoke(Method.java:566)
	at org.gradle.internal.dispatch.ReflectionDispatch.dispatch(ReflectionDispatch.java:35)
	at org.gradle.internal.dispatch.ReflectionDispatch.dispatch(ReflectionDispatch.java:24)
	at org.gradle.internal.dispatch.ContextClassLoaderDispatch.dispatch(ContextClassLoaderDispatch.java:32)
	at org.gradle.internal.dispatch.ProxyDispatchAdapter$DispatchingInvocationHandler.invoke(ProxyDispatchAdapter.java:93)
	at com.sun.proxy.$Proxy2.processTestClass(Unknown Source)
	at org.gradle.api.internal.tasks.testing.worker.TestWorker.processTestClass(TestWorker.java:118)
	at java.base/jdk.internal.reflect.NativeMethodAccessorImpl.invoke0(Native Method)
	at java.base/jdk.internal.reflect.NativeMethodAccessorImpl.invoke(NativeMethodAccessorImpl.java:62)
	at java.base/jdk.internal.reflect.DelegatingMethodAccessorImpl.invoke(DelegatingMethodAccessorImpl.java:43)
	at java.base/java.lang.reflect.Method.invoke(Method.java:566)
	at org.gradle.internal.dispatch.ReflectionDispatch.dispatch(ReflectionDispatch.java:35)
	at org.gradle.internal.dispatch.ReflectionDispatch.dispatch(ReflectionDispatch.java:24)
	at org.gradle.internal.remote.internal.hub.MessageHubBackedObjectConnection$DispatchWrapper.dispatch(MessageHubBackedObjectConnection.java:175)
	at org.gradle.internal.remote.internal.hub.MessageHubBackedObjectConnection$DispatchWrapper.dispatch(MessageHubBackedObjectConnection.java:157)
	at org.gradle.internal.remote.internal.hub.MessageHub$Handler.run(MessageHub.java:404)
	at org.gradle.internal.concurrent.ExecutorPolicy$CatchAndRecordFailures.onExecute(ExecutorPolicy.java:63)
	at org.gradle.internal.concurrent.ManagedExecutorImpl$1.run(ManagedExecutorImpl.java:46)
	at java.base/java.util.concurrent.ThreadPoolExecutor.runWorker(ThreadPoolExecutor.java:1128)
	at java.base/java.util.concurrent.ThreadPoolExecutor$Worker.run(ThreadPoolExecutor.java:628)
	at org.gradle.internal.concurrent.ThreadFactoryImpl$ManagedThreadRunnable.run(ThreadFactoryImpl.java:55)
	at java.base/java.lang.Thread.run(Thread.java:834)
</failure>
  </testcase>
  <system-out><![CDATA[?[1;31m
Start test 1?[0m
---------
|       |
|       |
|       |
---------
Player X, enter coordinates: > 4 2
Coordinates should be from 1 to 3!
> 4 4
Coordinates should be from 1 to 3!
> 3 2
---------
|       |
|     X |
|       |
---------
Player O, enter coordinates: > 3 1
---------
|       |
|     X |
|     O |
---------
Player X, enter coordinates: > 1 3
---------
| X     |
|     X |
|     O |
---------
Player O, enter coordinates: > 1 4
Coordinates should be from 1 to 3!
> 1 4
Coordinates should be from 1 to 3!
> 4 3
Coordinates should be from 1 to 3!
> 2 3
---------
| X O   |
|     X |
|     O |
---------
Player X, enter coordinates: > 4 4
Coordinates should be from 1 to 3!
> 1 1
---------
| X O   |
|     X |
| X   O |
---------

Player O, enter coordinates: > 1 2
---------
| X O   |
| O   X |
| X   O |
---------

Player X, enter coordinates: > 1 3
This cell is occupied! Choose another one!
> 2 1
---------
| X O   |
| O   X |
| X X O |
---------

Player O, enter coordinates: > 2 2
---------
| X O   |
| O O X |
| X X O |
---------

Player X, enter coordinates: > 2 3
This cell is occupied! Choose another one!
> 3 1
This cell is occupied! Choose another one!
> 3 2
This cell is occupied! Choose another one!
> 3 3
---------
| X O X |
| O O X |
| X X O |
---------
Draw
?[1;31m
Start test 2?[0m
---------
|       |
|       |
|       |
---------
Player X, enter coordinates: > 4 1
Coordinates should be from 1 to 3!
> 1 1
---------
|       |
|       |
| X     |
---------
Player O, enter coordinates: > 4 4
Coordinates should be from 1 to 3!
> 3 1
---------
|       |
|       |
| X   O |
---------
Player X, enter coordinates: > 1 4
Coordinates should be from 1 to 3!
> 3 4
Coordinates should be from 1 to 3!
> 2 4
Coordinates should be from 1 to 3!
> 2 1
---------
|       |
|       |
| X X O |
---------
Player O, enter coordinates: > 1 4
Coordinates should be from 1 to 3!
> 2 1
This cell is occupied! Choose another one!
> 4 2
Coordinates should be from 1 to 3!
> 1 2
---------
|       |
| O     |
| X X O |
---------
Player X, enter coordinates: > 1 3
---------
| X     |
| O     |
| X X O |
---------

Player O, enter coordinates: > 2 1
This cell is occupied! Choose another one!
> 2 2
---------
| X     |
| O O   |
| X X O |
---------

Player X, enter coordinates: > 2 3
---------
| X X   |
| O O   |
| X X O |
---------

Player O, enter coordinates: > 3 1
This cell is occupied! Choose another one!
> 3 2
---------
| X X   |
| O O O |
| X X O |
---------
O wins
?[1;31m
Start test 3?[0m
---------
|       |
|       |
|       |
---------
Player X, enter coordinates: > 1 1
---------
|       |
|       |
| X     |
---------
Player O, enter coordinates: > 3 3
---------
|     O |
|       |
| X     |
---------
Player X, enter coordinates: > 2 3
---------
|   X O |
|       |
| X     |
---------
Player O, enter coordinates: > 2 3
This cell is occupied! Choose another one!
> 1 3
---------
| O X O |
|       |
| X     |
---------
Player X, enter coordinates: > 1 4
Coordinates should be from 1 to 3!
> 3 4
Coordinates should be from 1 to 3!
> 1 3
This cell is occupied! Choose another one!
> 3 4
Coordinates should be from 1 to 3!
> 3 1
---------
| O X O |
|       |
| X   X |
---------

Player O, enter coordinates: > 1 3
This cell is occupied! Choose another one!
> 2 1
---------
| O X O |
|       |
| X O X |
---------

Player X, enter coordinates: > 2 2
---------
| O X O |
|   X   |
| X O X |
---------

Player O, enter coordinates: > 2 3
This cell is occupied! Choose another one!
> 3 1
This cell is occupied! Choose another one!
> 3 2
---------
| O X O |
|   X O |
| X O X |
---------

Player X, enter coordinates: > 3 3
This cell is occupied! Choose another one!
> 1 1
This cell is occupied! Choose another one!
> 1 2
---------
| O X O |
| X X O |
| X O X |
---------
Draw
?[1;31m
Start test 4?[0m
---------
|       |
|       |
|       |
---------
Player X, enter coordinates: > 4 3
Coordinates should be from 1 to 3!
> 4 3
Coordinates should be from 1 to 3!
> 3 2
---------
|       |
|     X |
|       |
---------
Player O, enter coordinates: > 3 4
Coordinates should be from 1 to 3!
> 4 3
Coordinates should be from 1 to 3!
> 3 2
This cell is occupied! Choose another one!
> 1 3
---------
| O     |
|     X |
|       |
---------
Player X, enter coordinates: > 2 1
---------
| O     |
|     X |
|   X   |
---------
Player O, enter coordinates: > 1 2
---------
| O     |
| O   X |
|   X   |
---------
Player X, enter coordinates: > 2 2
---------
| O     |
| O X X |
|   X   |
---------

Player O, enter coordinates: > 2 2
This cell is occupied! Choose another one!
> 2 1
This cell is occupied! Choose another one!
> 2 2
This cell is occupied! Choose another one!
> 2 3
---------
| O O   |
| O X X |
|   X   |
---------

Player X, enter coordinates: > 3 1
---------
| O O   |
| O X X |
|   X X |
---------

Player O, enter coordinates: > 3 2
This cell is occupied! Choose another one!
> 3 3
---------
| O O O |
| O X X |
|   X X |
---------
O wins
?[1;31m
Start test 5?[0m
---------
|       |
|       |
|       |
---------
Player X, enter coordinates: > 3 4
Coordinates should be from 1 to 3!
> 4 4
Coordinates should be from 1 to 3!
> 4 4
Coordinates should be from 1 to 3!
> 4 2
Coordinates should be from 1 to 3!
> 4 3
Coordinates should be from 1 to 3!
> 3 1
---------
|       |
|       |
|     X |
---------
Player O, enter coordinates: > 3 1
This cell is occupied! Choose another one!
> 2 1
---------
|       |
|       |
|   O X |
---------
Player X, enter coordinates: > 2 4
Coordinates should be from 1 to 3!
> 2 4
Coordinates should be from 1 to 3!
> 2 2
---------
|       |
|   X   |
|   O X |
---------
Player O, enter coordinates: > 2 3
---------
|   O   |
|   X   |
|   O X |
---------
Player X, enter coordinates: > 3 1
This cell is occupied! Choose another one!
> 3 2
---------
|   O   |
|   X X |
|   O X |
---------

Player O, enter coordinates: > 3 3
---------
|   O O |
|   X X |
|   O X |
---------

Player X, enter coordinates: > 1 1
---------
|   O O |
|   X X |
| X O X |
---------

Player O, enter coordinates: > 1 2
---------
|   O O |
| O X X |
| X O X |
---------

Player X, enter coordinates: > 1 3
---------
| X O O |
| O X X |
| X O X |
---------
X wins
?[1;31m
Start test 6?[0m
---------
|       |
|       |
|       |
---------
Player X, enter coordinates: > 4 5
Coordinates should be from 1 to 3!
> 3 1
---------
|       |
|       |
|     X |
---------
Player O, enter coordinates: > 1 2
---------
|       |
| O     |
|     X |
---------
Player X, enter coordinates: > 4 3
Coordinates should be from 1 to 3!
> 4 3
Coordinates should be from 1 to 3!
> 1 2
This cell is occupied! Choose another one!
> 4 1
Coordinates should be from 1 to 3!
> 2 1
---------
|       |
| O     |
|   X X |
---------
Player O, enter coordinates: > 4 3
Coordinates should be from 1 to 3!
> 1 4
Coordinates should be from 1 to 3!
> 4 2
Coordinates should be from 1 to 3!
> 2 3
---------
|   O   |
| O     |
|   X X |
---------
Player X, enter coordinates: > 3 1
This cell is occupied! Choose another one!
> 3 2
---------
|   O   |
| O   X |
|   X X |
---------
O wins
]]></system-out>
  <system-err><![CDATA[]]></system-err>
</testsuite>
